<?xml version="1.0" encoding="UTF-8"?>
<!-- Generated by org.testng.reporters.JUnitReportReporter -->
<testsuite hostname="KISHOR" failures="0" tests="1" name="Module2_Fund_Test.quantityverify" time="14.143" errors="0" timestamp="2021-12-28T16:55:43 IST" skipped="0">
  <testcase classname="Module2_Fund_Test.quantityverify" name="TC1" time="14.143"/>
  <system-out/>
</testsuite> <!-- Module2_Fund_Test.quantityverify -->
