<?xml version="1.0" encoding="UTF-8"?>
<!-- Generated by org.testng.reporters.JUnitReportReporter -->
<testsuite hostname="KISHOR" failures="0" tests="1" name="Module2_Fund_Test.verifytest" time="5.202" errors="0" timestamp="2021-12-28T16:56:45 IST" skipped="0">
  <testcase classname="Module2_Fund_Test.verifytest" name="TC1" time="5.202"/>
  <system-out/>
</testsuite> <!-- Module2_Fund_Test.verifytest -->
