<?xml version="1.0" encoding="UTF-8"?>
<!-- Generated by org.testng.reporters.JUnitReportReporter -->
<testsuite hostname="KISHOR" failures="0" tests="2" name="Module2_Fund.kitezrotest" time="2.664" errors="0" timestamp="2021-12-23T02:25:52 IST" skipped="1">
  <testcase classname="Module2_Fund.kitezrotest" name="TestCase2" time="2.664"/>
  <system-out>
    <![CDATA[56930.56]]>
  </system-out>
  <testcase classname="Module2_Fund.kitezrotest" name="TestCase1">
    <skipped/>
  </testcase> <!-- TestCase1 -->
  <system-out/>
</testsuite> <!-- Module2_Fund.kitezrotest -->
